[ 2016-06-17T17:50:00+08:00 ] ERR: (ThinkException) 非法操作:{:u('verify')}
[ 2016-06-17T17:50:53+08:00 ] ERR: (ThinkException) 非法操作:{:u('verify')}
[ 2016-06-17T17:50:54+08:00 ] ERR: (ThinkException) 非法操作:{:u('verify')}
[ 2016-06-17T17:50:55+08:00 ] ERR: (ThinkException) 非法操作:{:u('verify')}
[ 2016-06-17T17:50:56+08:00 ] ERR: (ThinkException) 非法操作:{:u('verify')}
[ 2016-06-17T17:50:57+08:00 ] ERR: (ThinkException) 非法操作:{:u('verify')}
[ 2016-06-17T17:50:58+08:00 ] ERR: (ThinkException) 非法操作:{:u('verify')}
[ 2016-06-17T17:50:59+08:00 ] ERR: (ThinkException) 非法操作:{:u('verify')}
[ 2016-06-17T17:51:00+08:00 ] ERR: (ThinkException) 非法操作:{:u('verify')}
[ 2016-06-17T17:52:39+08:00 ] ERR: (ThinkException) 非法操作:{:u('verify')}
[ 2016-06-17T17:52:40+08:00 ] ERR: (ThinkException) 非法操作:{:u('verify')}
[ 2016-06-17T17:52:41+08:00 ] ERR: (ThinkException) 非法操作:{:u('verify')}
[ 2016-06-17T17:52:47+08:00 ] ERR: (ThinkException) 非法操作:{:u('verify')}
[ 2016-06-17T17:53:52+08:00 ] ERR: (ThinkException) 非法操作:{:u('verify')}
[ 2016-06-17T17:53:54+08:00 ] ERR: (ThinkException) 非法操作:{:u('verify')}
[ 2016-06-17T17:53:55+08:00 ] ERR: (ThinkException) 非法操作:{:u('verify')}
[ 2016-06-17T17:53:55+08:00 ] ERR: (ThinkException) 非法操作:{:u('verify')}
[ 2016-06-17T17:53:56+08:00 ] ERR: (ThinkException) 非法操作:{:u('verify')}
[ 2016-06-17T17:53:57+08:00 ] ERR: (ThinkException) 非法操作:{:u('verify')}
[ 2016-06-17T17:54:41+08:00 ] ERR: (ThinkException) 非法操作:{:u('verify')}
[ 2016-06-17T17:55:31+08:00 ] ERR: (ThinkException) 非法操作:{:u('verify')}
[ 2016-06-17T17:55:48+08:00 ] ERR: (ThinkException) 非法操作:{:u('verify')}
[ 2016-06-17T17:55:49+08:00 ] ERR: (ThinkException) 非法操作:{:u('verify')}
[ 2016-06-17T17:55:50+08:00 ] ERR: (ThinkException) 非法操作:{:u('verify')}
[ 2016-06-17T17:55:57+08:00 ] ERR: (ThinkException) 非法操作:{:u('verify')}
[ 2016-06-17T17:55:57+08:00 ] ERR: (ThinkException) 非法操作:{:u('verify')}
[ 2016-06-17T17:56:37+08:00 ] ERR: (ThinkException) 非法操作:verify
[ 2016-06-17T17:56:38+08:00 ] ERR: (ThinkException) 非法操作:verify
[ 2016-06-17T17:56:38+08:00 ] ERR: (ThinkException) 非法操作:verify
[ 2016-06-17T17:56:39+08:00 ] ERR: (ThinkException) 非法操作:verify
[ 2016-06-17T17:56:39+08:00 ] ERR: (ThinkException) 非法操作:verify
[ 2016-06-17T17:56:39+08:00 ] ERR: (ThinkException) 非法操作:verify
[ 2016-06-17T17:56:39+08:00 ] ERR: (ThinkException) 非法操作:verify
[ 2016-06-17T17:58:39+08:00 ] ERR: (ThinkException) 非法操作:{:u('verify')}
[ 2016-06-17T18:32:50+08:00 ] ERR: (ThinkException) 非法操作:{:u('verify')}
[ 2016-06-17T18:40:18+08:00 ] ERR: (ThinkException) 非法操作:{:u('verify')}
[ 2016-06-17T18:44:11+08:00 ] ERR: (ThinkException) 非法操作:verify
[ 2016-06-17T18:44:11+08:00 ] ERR: (ThinkException) 非法操作:verify
[ 2016-06-17T18:44:12+08:00 ] ERR: (ThinkException) 非法操作:verify
[ 2016-06-17T18:44:12+08:00 ] ERR: (ThinkException) 非法操作:verify
[ 2016-06-17T18:44:13+08:00 ] ERR: (ThinkException) 非法操作:verify
[ 2016-06-17T18:44:13+08:00 ] ERR: (ThinkException) 非法操作:verify
[ 2016-06-17T18:44:14+08:00 ] ERR: (ThinkException) 非法操作:verify
[ 2016-06-17T18:44:14+08:00 ] ERR: (ThinkException) 非法操作:verify
[ 2016-06-17T18:44:14+08:00 ] ERR: (ThinkException) 非法操作:verify
[ 2016-06-17T18:48:02+08:00 ] ERR: (ThinkException) 非法操作:{:u('verify')}
[ 2016-06-17T18:48:02+08:00 ] ERR: (ThinkException) 非法操作:{:u('verify')}
[ 2016-06-17T18:48:04+08:00 ] ERR: (ThinkException) 非法操作:{:u('verify')}
[ 2016-06-17T18:48:08+08:00 ] ERR: (ThinkException) 非法操作:{:u('verify')}
[ 2016-06-17T18:48:08+08:00 ] ERR: (ThinkException) 非法操作:{:u('verify')}
[ 2016-06-17T18:48:40+08:00 ] ERR: (ThinkException) 非法操作:{:u('verify')}
[ 2016-06-17T18:48:42+08:00 ] ERR: (ThinkException) 非法操作:{:u('verify')}
[ 2016-06-17T18:48:42+08:00 ] ERR: (ThinkException) 非法操作:{:u('verify')}
[ 2016-06-17T18:48:42+08:00 ] ERR: (ThinkException) 非法操作:{:u('verify')}
[ 2016-06-17T18:48:43+08:00 ] ERR: (ThinkException) 非法操作:{:u('verify')}
[ 2016-06-17T18:48:44+08:00 ] ERR: (ThinkException) 非法操作:{:u('verify')}
[ 2016-06-17T18:48:59+08:00 ] ERR: (ThinkException) 非法操作:{:u('verify')}
[ 2016-06-17T19:00:17+08:00 ] ERR: (ThinkException) 非法操作:{:u('verify')}
[ 2016-06-17T19:00:17+08:00 ] ERR: (ThinkException) 非法操作:{:u('verify')}
[ 2016-06-17T19:01:01+08:00 ] ERR: (ThinkException) 非法操作:{:u('verify')}
[ 2016-06-17T19:03:22+08:00 ] ERR: (ThinkException) 非法操作:{:u('runadduser')}
[ 2016-06-17T19:04:03+08:00 ] ERR: (ThinkException) 非法操作:{:u('runadduser')}
[ 2016-06-17T19:05:05+08:00 ] ERR: (ThinkException) 非法操作:{:u('runadduser')}
[ 2016-06-17T19:12:06+08:00 ] ERR: (ThinkException) 非法操作:{:u('verify')}
[ 2016-06-17T19:12:06+08:00 ] ERR: (ThinkException) 非法操作:{:u('verify')}
[ 2016-06-17T19:12:16+08:00 ] ERR: (ThinkException) 非法操作:checkaccount
[ 2016-06-17T19:12:19+08:00 ] ERR: (ThinkException) 非法操作:checkpwd
[ 2016-06-17T19:12:24+08:00 ] ERR: (ThinkException) 非法操作:checkpwd
[ 2016-06-17T19:12:40+08:00 ] ERR: (ThinkException) 非法操作:{:u('runadduser')}
[ 2016-06-17T19:16:42+08:00 ] ERR: (ThinkException) 非法操作:{:u('runadduser')}
[ 2016-06-17T19:23:23+08:00 ] ERR: (ThinkException) 非法操作:{:u('verify')}
[ 2016-06-17T19:23:23+08:00 ] ERR: (ThinkException) 非法操作:{:u('verify')}
[ 2016-06-17T19:23:27+08:00 ] ERR: (ThinkException) 非法操作:{:u('verify')}
[ 2016-06-17T19:23:30+08:00 ] ERR: (ThinkException) 非法操作:checkaccount
[ 2016-06-17T19:26:15+08:00 ] ERR: (ThinkException) 非法操作:{:u('verify')}
[ 2016-06-17T19:26:16+08:00 ] ERR: (ThinkException) 非法操作:checkaccount
[ 2016-06-17T19:26:17+08:00 ] ERR: (ThinkException) 非法操作:checkpwd
[ 2016-06-17T19:26:20+08:00 ] ERR: (ThinkException) 非法操作:checkverify
[ 2016-06-17T19:26:21+08:00 ] ERR: (ThinkException) 非法操作:checkaccount
[ 2016-06-17T19:26:21+08:00 ] ERR: (ThinkException) 非法操作:checkverify
[ 2016-06-17T19:26:21+08:00 ] ERR: (ThinkException) 非法操作:checkpwd
[ 2016-06-17T19:28:05+08:00 ] ERR: (ThinkException) 非法操作:{:u('verify')}
[ 2016-06-17T19:28:05+08:00 ] ERR: (ThinkException) 非法操作:{:u('verify')}
[ 2016-06-17T19:38:26+08:00 ] ERR: (ThinkException) 非法操作:{:u('verify')}
[ 2016-06-17T19:38:26+08:00 ] ERR: (ThinkException) 非法操作:{:u('verify')}
[ 2016-06-17T19:38:28+08:00 ] ERR: (ThinkException) 非法操作:checkaccount
[ 2016-06-17T19:38:29+08:00 ] ERR: (ThinkException) 非法操作:checkpwd
[ 2016-06-17T19:38:30+08:00 ] ERR: (ThinkException) 非法操作:checkverify
[ 2016-06-17T19:38:30+08:00 ] ERR: (ThinkException) 非法操作:checkverify
[ 2016-06-17T19:38:30+08:00 ] ERR: (ThinkException) 非法操作:checkaccount
[ 2016-06-17T19:38:30+08:00 ] ERR: (ThinkException) 非法操作:checkpwd
[ 2016-06-17T19:38:34+08:00 ] ERR: (ThinkException) 非法操作:checkpwd
[ 2016-06-17T19:38:35+08:00 ] ERR: (ThinkException) 非法操作:checkverify
[ 2016-06-17T19:39:25+08:00 ] ERR: (ThinkException) 非法操作:checkaccount
[ 2016-06-17T19:39:26+08:00 ] ERR: (ThinkException) 非法操作:checkpwd
[ 2016-06-17T19:39:26+08:00 ] ERR: (ThinkException) 非法操作:checkaccount
[ 2016-06-17T19:39:26+08:00 ] ERR: (ThinkException) 非法操作:checkpwd
[ 2016-06-17T19:39:30+08:00 ] ERR: (ThinkException) 非法操作:checkaccount
[ 2016-06-17T19:54:29+08:00 ] ERR: (ThinkException) 非法操作:dologout
[ 2016-06-17T19:54:39+08:00 ] ERR: (ThinkException) 非法操作:userdetail
